生成启动时间为 2015/1/8 9:06:45。
     1>项目“D:\coding\stereo\StereoCorrespondence\StereoCorrespondence\StereoCorrespondence.vcxproj”在节点 2 上(build 个目标)。
     1>InitializeBuildStatus:
         正在对“Debug\StereoCorrespondence.unsuccessfulbuild”执行 Touch 任务。
       ClCompile:
         所有输出均为最新。
         所有输出均为最新。
       ManifestResourceCompile:
         所有输出均为最新。
       Link:
         c:\Program Files (x86)\Microsoft Visual Studio 10.0\VC\bin\link.exe /ERRORREPORT:PROMPT /OUT:"D:\coding\stereo\StereoCorrespondence\Debug\StereoCorrespondence.exe" /INCREMENTAL /NOLOGO opencv_calib3d231d.lib opencv_contrib231d.lib opencv_core231d.lib opencv_features2d231d.lib opencv_flann231d.lib opencv_gpu231d.lib opencv_highgui231d.lib opencv_imgproc231d.lib opencv_video231d.lib kernel32.lib user32.lib gdi32.lib winspool.lib comdlg32.lib advapi32.lib shell32.lib ole32.lib oleaut32.lib uuid.lib odbc32.lib odbccp32.lib /MANIFEST /ManifestFile:"Debug\StereoCorrespondence.exe.intermediate.manifest" /MANIFESTUAC:"level='asInvoker' uiAccess='false'" /DEBUG /PDB:"D:\coding\stereo\StereoCorrespondence\Debug\StereoCorrespondence.pdb" /SUBSYSTEM:CONSOLE /TLBID:1 /DYNAMICBASE /NXCOMPAT /IMPLIB:"D:\coding\stereo\StereoCorrespondence\Debug\StereoCorrespondence.lib" /MACHINE:X86 Debug\StereoCorrespondence.exe.embed.manifest.res
         Debug\Disparity.obj
         Debug\stdafx.obj
         Debug\StereoCorrespondence.obj
       Manifest:
         C:\Program Files (x86)\Microsoft SDKs\Windows\v7.0A\bin\mt.exe /nologo /verbose /out:"Debug\StereoCorrespondence.exe.embed.manifest" /manifest Debug\StereoCorrespondence.exe.intermediate.manifest
         C:\Program Files (x86)\Microsoft SDKs\Windows\v7.0A\bin\rc.exe /nologo /fo"Debug\StereoCorrespondence.exe.embed.manifest.res" Debug\StereoCorrespondence_manifest.rc 
       LinkEmbedManifest:
         c:\Program Files (x86)\Microsoft Visual Studio 10.0\VC\bin\link.exe /ERRORREPORT:PROMPT /OUT:"D:\coding\stereo\StereoCorrespondence\Debug\StereoCorrespondence.exe" /INCREMENTAL /NOLOGO opencv_calib3d231d.lib opencv_contrib231d.lib opencv_core231d.lib opencv_features2d231d.lib opencv_flann231d.lib opencv_gpu231d.lib opencv_highgui231d.lib opencv_imgproc231d.lib opencv_video231d.lib kernel32.lib user32.lib gdi32.lib winspool.lib comdlg32.lib advapi32.lib shell32.lib ole32.lib oleaut32.lib uuid.lib odbc32.lib odbccp32.lib /MANIFEST /ManifestFile:"Debug\StereoCorrespondence.exe.intermediate.manifest" /MANIFESTUAC:"level='asInvoker' uiAccess='false'" /DEBUG /PDB:"D:\coding\stereo\StereoCorrespondence\Debug\StereoCorrespondence.pdb" /SUBSYSTEM:CONSOLE /TLBID:1 /DYNAMICBASE /NXCOMPAT /IMPLIB:"D:\coding\stereo\StereoCorrespondence\Debug\StereoCorrespondence.lib" /MACHINE:X86 Debug\StereoCorrespondence.exe.embed.manifest.res
         Debug\Disparity.obj
         Debug\stdafx.obj
         Debug\StereoCorrespondence.obj
         StereoCorrespondence.vcxproj -> D:\coding\stereo\StereoCorrespondence\Debug\StereoCorrespondence.exe
       FinalizeBuildStatus:
         正在删除文件“Debug\StereoCorrespondence.unsuccessfulbuild”。
         正在对“Debug\StereoCorrespondence.lastbuildstate”执行 Touch 任务。
     1>已完成生成项目“D:\coding\stereo\StereoCorrespondence\StereoCorrespondence\StereoCorrespondence.vcxproj”(build 个目标)的操作。

生成成功。

已用时间 00:00:01.55
